1619433277202	geckodriver	INFO	Listening on 127.0.0.1:56101
1619433280248	mozrunner::runner	INFO	Running command: "C:\\Program Files\\Mozilla Firefox\\firefox.exe" "--marionette" "-foreground" "-no-remote" "-profile" "C:\\Users\\ADMINI~1\\AppData\\Local\\Temp\\rust_mozprofileU6BB8c"
1619433280706	Marionette	INFO	Marionette enabled
console.warn: SearchSettings: "get: No settings file exists, new profile?" (new Error("", "(unknown module)"))
1619433282157	Marionette	INFO	Listening on port 56109
1619433282370	Marionette	WARN	TLS certificate errors will be ignored for this session
1619433283788	Marionette	INFO	Stopped listening on port 56109

###!!! [Child][RunMessage] Error: Channel closing: too late to send/recv, messages will be lost

1619433284184	geckodriver	INFO	Listening on 127.0.0.1:56142
1619433287216	mozrunner::runner	INFO	Running command: "C:\\Program Files\\Mozilla Firefox\\firefox.exe" "--marionette" "-foreground" "-no-remote" "-profile" "C:\\Users\\ADMINI~1\\AppData\\Local\\Temp\\rust_mozprofile0m5UR5"
1619433287446	Marionette	INFO	Marionette enabled
console.warn: SearchSettings: "get: No settings file exists, new profile?" (new Error("", "(unknown module)"))
1619433288800	Marionette	INFO	Listening on port 56150
1619433288840	Marionette	WARN	TLS certificate errors will be ignored for this session
1619433294231	Marionette	INFO	Stopped listening on port 56150
JavaScript error: https://admin-demo.nopcommerce.com/lib_npm/jquery/jquery.min.js, line 2: NS_ERROR_NOT_INITIALIZED: 

###!!! [Child][RunMessage] Error: Channel closing: too late to send/recv, messages will be lost

1619439149652	geckodriver	INFO	Listening on 127.0.0.1:56365
1619439152668	mozrunner::runner	INFO	Running command: "C:\\Program Files\\Mozilla Firefox\\firefox.exe" "--marionette" "-foreground" "-no-remote" "-profile" "C:\\Users\\ADMINI~1\\AppData\\Local\\Temp\\rust_mozprofilekTqO8k"
1619439152929	Marionette	INFO	Marionette enabled
console.warn: SearchSettings: "get: No settings file exists, new profile?" (new Error("", "(unknown module)"))
1619439154361	Marionette	INFO	Listening on port 56373
1619439154783	Marionette	WARN	TLS certificate errors will be ignored for this session
1619439163648	Marionette	INFO	Stopped listening on port 56373

###!!! [Child][RunMessage] Error: Channel closing: too late to send/recv, messages will be lost

"--marionette" "-foreground" "-no-remote" "-profile" "C:\\Users\\ADMINI~1\\AppData\\Local\\Temp\\rust_mozprofile0J7pe4"
1619439158140	Marionette	INFO	Marionette enabled
console.warn: SearchSettings: "get: No settings file exists, new profile?" (new Error("", "(unknown module)"))
1619439159410	Marionette	INFO	Listening on port 56415
1619439159512	Marionette	WARN	TLS certificate errors will be ignored for this session
1619439165261	Marionette	INFO	Stopped listening on port 56415

###!!! [Child][RunMessage] Error: Channel closing: too late to send/recv, messages will be lost

1619439170312	geckodriver	INFO	Listening on 127.0.0.1:56464
1619439173357	mozrunner::runner	INFO	Running command: "C:\\Program Files\\Mozilla Firefox\\firefox.exe" "--marionette" "-foreground" "-no-remote" "-profile" "C:\\Users\\ADMINI~1\\AppData\\Local\\Temp\\rust_mozprofile9VuHte"
1619439173587	Marionette	INFO	Marionette enabled
console.warn: SearchSettings: "get: No settings file exists, new profile?" (new Error("", "(unknown module)"))
1619439174746	Marionette	INFO	Listening on port 56472
1619439174974	Marionette	WARN	TLS certificate errors will be ignored for this session
1619439193545	Marionette	INFO	Stopped listening on port 56472

###!!! [Child][RunMessage] Error: Channel closing: too late to send/recv, messages will be lost

"--marionette" "-foreground" "-no-remote" "-profile" "C:\\Users\\ADMINI~1\\AppData\\Local\\Temp\\rust_mozprofile6LEoTN"
1619439178334	Marionette	INFO	Marionette enabled
console.warn: SearchSettings: "get: No settings file exists, new profile?" (new Error("", "(unknown module)"))
1619439179639	Marionette	INFO	Listening on port 56511
1619439179711	Marionette	WARN	TLS certificate errors will be ignored for this session
1619439185841	Marionette	INFO	Stopped listening on port 56511
JavaScript error: https://admin-demo.nopcommerce.com/lib_npm/jquery/jquery.min.js, line 2: NS_ERROR_NOT_INITIALIZED: 

###!!! [Child][RunMessage] Error: Channel closing: too late to send/recv, messages will be lost

1619439226450	geckodriver	INFO	Listening on 127.0.0.1:56597
1619439229496	mozrunner::runner	INFO	Running command: "C:\\Program Files\\Mozilla Firefox\\firefox.exe" "--marionette" "-foreground" "-no-remote" "-profile" "C:\\Users\\ADMINI~1\\AppData\\Local\\Temp\\rust_mozprofilevZCdkN"
1619439229722	Marionette	INFO	Marionette enabled
console.warn: SearchSettings: "get: No settings file exists, new profile?" (new Error("", "(unknown module)"))
1619439231038	Marionette	INFO	Listening on port 56605
1619439231111	Marionette	WARN	TLS certificate errors will be ignored for this session
1619439232877	Marionette	INFO	Stopped listening on port 56605

###!!! [Child][RunMessage] Error: Channel closing: too late to send/recv, messages will be lost

1619439233435	geckodriver	INFO	Listening on 127.0.0.1:56634
1619439236467	mozrunner::runner	INFO	Running command: "C:\\Program Files\\Mozilla Firefox\\firefox.exe" "--marionette" "-foreground" "-no-remote" "-profile" "C:\\Users\\ADMINI~1\\AppData\\Local\\Temp\\rust_mozprofile51Ghyo"
1619439236703	Marionette	INFO	Marionette enabled
console.warn: SearchSettings: "get: No settings file exists, new profile?" (new Error("", "(unknown module)"))
1619439237930	Marionette	INFO	Listening on port 56642
1619439238085	Marionette	WARN	TLS certificate errors will be ignored for this session
1619439245211	Marionette	INFO	Stopped listening on port 56642
JavaScript error: https://admin-demo.nopcommerce.com/lib_npm/jquery/jquery.min.js, line 2: NS_ERROR_NOT_INITIALIZED: 

###!!! [Child][RunMessage] Error: Channel closing: too late to send/recv, messages will be lost

1619446806729	geckodriver	INFO	Listening on 127.0.0.1:57063
1619446809776	mozrunner::runner	INFO	Running command: "C:\\Program Files\\Mozilla Firefox\\firefox.exe" "--marionette" "-foreground" "-no-remote" "-profile" "C:\\Users\\ADMINI~1\\AppData\\Local\\Temp\\rust_mozprofile2gJXzt"
1619446810013	Marionette	INFO	Marionette enabled
console.warn: SearchSettings: "get: No settings file exists, new profile?" (new Error("", "(unknown module)"))
1619446811437	Marionette	INFO	Listening on port 57071
1619446811890	Marionette	WARN	TLS certificate errors will be ignored for this session
1619446826586	Marionette	INFO	Stopped listening on port 57071

###!!! [Child][RunMessage] Error: Channel closing: too late to send/recv, messages will be lost

"--marionette" "-foreground" "-no-remote" "-profile" "C:\\Users\\ADMINI~1\\AppData\\Local\\Temp\\rust_mozprofileGhEGC3"
1619446815501	Marionette	INFO	Marionette enabled
console.warn: SearchSettings: "get: No settings file exists, new profile?" (new Error("", "(unknown module)"))
1619446816807	Marionette	INFO	Listening on port 57112
1619446816900	Marionette	WARN	TLS certificate errors will be ignored for this session
1619446826115	Marionette	INFO	Stopped listening on port 57112

###!!! [Child][RunMessage] Error: Channel closing: too late to send/recv, messages will be lost

1619447074166	geckodriver	INFO	Listening on 127.0.0.1:57168
1619447077208	mozrunner::runner	INFO	Running command: "C:\\Program Files\\Mozilla Firefox\\firefox.exe" "--marionette" "-foreground" "-no-remote" "-profile" "C:\\Users\\ADMINI~1\\AppData\\Local\\Temp\\rust_mozprofileyzKqGY"
1619447077645	Marionette	INFO	Marionette enabled
console.warn: SearchSettings: "get: No settings file exists, new profile?" (new Error("", "(unknown module)"))
1619447078992	Marionette	INFO	Listening on port 57176
1619447079323	Marionette	WARN	TLS certificate errors will be ignored for this session
1619447092487	Marionette	INFO	Stopped listening on port 57176

###!!! [Child][RunMessage] Error: Channel closing: too late to send/recv, messages will be lost

"--marionette" "-foreground" "-no-remote" "-profile" "C:\\Users\\ADMINI~1\\AppData\\Local\\Temp\\rust_mozprofileUf5xQH"
1619447082935	Marionette	INFO	Marionette enabled
console.warn: SearchSettings: "get: No settings file exists, new profile?" (new Error("", "(unknown module)"))
1619447084114	Marionette	INFO	Listening on port 57220
1619447084322	Marionette	WARN	TLS certificate errors will be ignored for this session
1619447092006	Marionette	INFO	Stopped listening on port 57220

###!!! [Child][RunMessage] Error: Channel closing: too late to send/recv, messages will be lost

1619447125177	geckodriver	INFO	Listening on 127.0.0.1:57275
1619447128212	mozrunner::runner	INFO	Running command: "C:\\Program Files\\Mozilla Firefox\\firefox.exe" "--marionette" "-foreground" "-no-remote" "-profile" "C:\\Users\\ADMINI~1\\AppData\\Local\\Temp\\rust_mozprofileY5lmde"
1619447128437	Marionette	INFO	Marionette enabled
console.warn: SearchSettings: "get: No settings file exists, new profile?" (new Error("", "(unknown module)"))
1619447129594	Marionette	INFO	Listening on port 57283
1619447129831	Marionette	WARN	TLS certificate errors will be ignored for this session
1619447174821	Marionette	INFO	Stopped listening on port 57283
9447133213	mozrunner::runner	INFO	Running command: "C:\\Program Files\\Mozilla Firefox\\firefox.exe" "--marionette" "-foreground" "-no-remote" "-profile" "C:\\Users\\ADMINI~1\\AppData\\Local\\Temp\\rust_mozprofileggvy3U"
1619447133449	Marionette	INFO	Marionette enabled
console.warn: SearchSettings: "get: No settings file exists, new profile?" (new Error("", "(unknown module)"))
1619447134775	Marionette	INFO	Listening on port 57322
1619447134834	Marionette	WARN	TLS certificate errors will be ignored for this session
1619447176449	Marionette	INFO	Stopped listening on port 57322

###!!! [Child][RunMessage] Error: Channel closing: too late to send/recv, messages will be lost

1619448830912	geckodriver	INFO	Listening on 127.0.0.1:57438
1619448833955	mozrunner::runner	INFO	Running command: "C:\\Program Files\\Mozilla Firefox\\firefox.exe" "--marionette" "-foreground" "-no-remote" "-profile" "C:\\Users\\ADMINI~1\\AppData\\Local\\Temp\\rust_mozprofileok4pFn"
1619448834195	Marionette	INFO	Marionette enabled
console.warn: SearchSettings: "get: No settings file exists, new profile?" (new Error("", "(unknown module)"))
1619448835492	Marionette	INFO	Listening on port 57446
1619448835573	Marionette	WARN	TLS certificate errors will be ignored for this session
1619448842247	Marionette	INFO	Stopped listening on port 57446

###!!! [Child][RunMessage] Error: Channel closing: too late to send/recv, messages will be lost

"--marionette" "-foreground" "-no-remote" "-profile" "C:\\Users\\ADMINI~1\\AppData\\Local\\Temp\\rust_mozprofileTqbMq6"
1619448838919	Marionette	INFO	Marionette enabled
console.warn: SearchSettings: "get: No settings file exists, new profile?" (new Error("", "(unknown module)"))
1619448840201	Marionette	INFO	Listening on port 57484
1619448840313	Marionette	WARN	TLS certificate errors will be ignored for this session
1619448841405	Marionette	INFO	Stopped listening on port 57484

###!!! [Child][RunMessage] Error: Channel closing: too late to send/recv, messages will be lost

1619449195523	geckodriver	INFO	Listening on 127.0.0.1:57530
1619449198546	mozrunner::runner	INFO	Running command: "C:\\Program Files\\Mozilla Firefox\\firefox.exe" "--marionette" "-foreground" "-no-remote" "-profile" "C:\\Users\\ADMINI~1\\AppData\\Local\\Temp\\rust_mozprofilel9pTOF"
1619449198789	Marionette	INFO	Marionette enabled
console.warn: SearchSettings: "get: No settings file exists, new profile?" (new Error("", "(unknown module)"))
1619449199941	Marionette	INFO	Listening on port 57538
1619449200161	Marionette	WARN	TLS certificate errors will be ignored for this session
1619449202220	Marionette	INFO	Stopped listening on port 57538

###!!! [Child][RunMessage] Error: Channel closing: too late to send/recv, messages will be lost

1619449202732	geckodriver	INFO	Listening on 127.0.0.1:57569
1619449205760	mozrunner::runner	INFO	Running command: "C:\\Program Files\\Mozilla Firefox\\firefox.exe" "--marionette" "-foreground" "-no-remote" "-profile" "C:\\Users\\ADMINI~1\\AppData\\Local\\Temp\\rust_mozprofileiqJkBg"
1619449205997	Marionette	INFO	Marionette enabled
console.warn: SearchSettings: "get: No settings file exists, new profile?" (new Error("", "(unknown module)"))
1619449207299	Marionette	INFO	Listening on port 57577
1619449207376	Marionette	WARN	TLS certificate errors will be ignored for this session
1619449213713	Marionette	INFO	Stopped listening on port 57577
JavaScript error: https://admin-demo.nopcommerce.com/lib_npm/jquery/jquery.min.js, line 2: NS_ERROR_NOT_INITIALIZED: 

###!!! [Child][RunMessage] Error: Channel closing: too late to send/recv, messages will be lost

1619450267848	geckodriver	INFO	Listening on 127.0.0.1:57649
1619450270896	mozrunner::runner	INFO	Running command: "C:\\Program Files\\Mozilla Firefox\\firefox.exe" "--marionette" "-foreground" "-no-remote" "-profile" "C:\\Users\\ADMINI~1\\AppData\\Local\\Temp\\rust_mozprofileTXOO2u"
1619450271127	Marionette	INFO	Marionette enabled
console.warn: SearchSettings: "get: No settings file exists, new profile?" (new Error("", "(unknown module)"))
1619450272288	Marionette	INFO	Listening on port 57657
1619450272511	Marionette	WARN	TLS certificate errors will be ignored for this session
1619450274254	Marionette	INFO	Stopped listening on port 57657

###!!! [Child][RunMessage] Error: Channel closing: too late to send/recv, messages will be lost

1619450274754	geckodriver	INFO	Listening on 127.0.0.1:57690
1619450277777	mozrunner::runner	INFO	Running command: "C:\\Program Files\\Mozilla Firefox\\firefox.exe" "--marionette" "-foreground" "-no-remote" "-profile" "C:\\Users\\ADMINI~1\\AppData\\Local\\Temp\\rust_mozprofileMpFDYm"
1619450278006	Marionette	INFO	Marionette enabled
console.warn: SearchSettings: "get: No settings file exists, new profile?" (new Error("", "(unknown module)"))
1619450279256	Marionette	INFO	Listening on port 57698
1619450279397	Marionette	WARN	TLS certificate errors will be ignored for this session
1619450285729	Marionette	INFO	Stopped listening on port 57698
JavaScript error: https://admin-demo.nopcommerce.com/lib_npm/jquery/jquery.min.js, line 2: NS_ERROR_NOT_INITIALIZED: 

###!!! [Child][RunMessage] Error: Channel closing: too late to send/recv, messages will be lost

1619464384206	geckodriver	INFO	Listening on 127.0.0.1:57848
1619464387238	mozrunner::runner	INFO	Running command: "C:\\Program Files\\Mozilla Firefox\\firefox.exe" "--marionette" "-foreground" "-no-remote" "-profile" "C:\\Users\\ADMINI~1\\AppData\\Local\\Temp\\rust_mozprofilewrqflU"
1619464387749	Marionette	INFO	Marionette enabled
console.warn: SearchSettings: "get: No settings file exists, new profile?" (new Error("", "(unknown module)"))
1619464389096	Marionette	INFO	Listening on port 57858
1619464389359	Marionette	WARN	TLS certificate errors will be ignored for this session
1619464392644	Marionette	INFO	Stopped listening on port 57858

###!!! [Child][RunMessage] Error: Channel closing: too late to send/recv, messages will be lost

1619464393209	geckodriver	INFO	Listening on 127.0.0.1:57891
1619464396248	mozrunner::runner	INFO	Running command: "C:\\Program Files\\Mozilla Firefox\\firefox.exe" "--marionette" "-foreground" "-no-remote" "-profile" "C:\\Users\\ADMINI~1\\AppData\\Local\\Temp\\rust_mozprofile34NqKf"
1619464396478	Marionette	INFO	Marionette enabled
console.warn: SearchSettings: "get: No settings file exists, new profile?" (new Error("", "(unknown module)"))
1619464397730	Marionette	INFO	Listening on port 57900
1619464397869	Marionette	WARN	TLS certificate errors will be ignored for this session
[Parent 4620, IPC I/O Parent] WARNING: file /builds/worker/checkouts/gecko/ipc/chromium/src/base/process_util_win.cc:167
[Parent 4620, IPC I/O Parent] WARNING: file /builds/worker/checkouts/gecko/ipc/chromium/src/base/process_util_win.cc:167
1619464399338	Marionette	INFO	Stopped listening on port 57900

###!!! [Child][RunMessage] Error: Channel closing: too late to send/recv, messages will be lost

1619464469977	geckodriver	INFO	Listening on 127.0.0.1:57940
1619464473022	mozrunner::runner	INFO	Running command: "C:\\Program Files\\Mozilla Firefox\\firefox.exe" "--marionette" "-foreground" "-no-remote" "-profile" "C:\\Users\\ADMINI~1\\AppData\\Local\\Temp\\rust_mozprofiletkQmDC"
1619464473250	Marionette	INFO	Marionette enabled
console.warn: SearchSettings: "get: No settings file exists, new profile?" (new Error("", "(unknown module)"))
1619464474462	Marionette	INFO	Listening on port 57948
1619464474636	Marionette	WARN	TLS certificate errors will be ignored for this session
1619464476574	Marionette	INFO	Stopped listening on port 57948
[Parent 9968, IPC I/O Parent] WARNING: file /builds/worker/checkouts/gecko/ipc/chromium/src/base/process_util_win.cc:167

###!!! [Child][RunMessage] Error: Channel closing: too late to send/recv, messages will be lost

1619464477133	geckodriver	INFO	Listening on 127.0.0.1:57979
1619464480172	mozrunner::runner	INFO	Running command: "C:\\Program Files\\Mozilla Firefox\\firefox.exe" "--marionette" "-foreground" "-no-remote" "-profile" "C:\\Users\\ADMINI~1\\AppData\\Local\\Temp\\rust_mozprofileNSdsM2"
1619464480408	Marionette	INFO	Marionette enabled
console.warn: SearchSettings: "get: No settings file exists, new profile?" (new Error("", "(unknown module)"))
1619464481717	Marionette	INFO	Listening on port 57987
1619464481793	Marionette	WARN	TLS certificate errors will be ignored for this session
1619464483098	Marionette	INFO	Stopped listening on port 57987
1619465079830	geckodriver	INFO	Listening on 127.0.0.1:58044
1619465082876	mozrunner::runner	INFO	Running command: "C:\\Program Files\\Mozilla Firefox\\firefox.exe" "--marionette" "-foreground" "-no-remote" "-profile" "C:\\Users\\ADMINI~1\\AppData\\Local\\Temp\\rust_mozprofilejbl9EI"
1619465083115	Marionette	INFO	Marionette enabled
console.warn: SearchSettings: "get: No settings file exists, new profile?" (new Error("", "(unknown module)"))
1619465084459	Marionette	INFO	Listening on port 58052
1619465084508	Marionette	WARN	TLS certificate errors will be ignored for this session
1619465086393	Marionette	INFO	Stopped listening on port 58052

###!!! [Child][RunMessage] Error: Channel closing: too late to send/recv, messages will be lost

1619465086942	geckodriver	INFO	Listening on 127.0.0.1:58081
1619465089977	mozrunner::runner	INFO	Running command: "C:\\Program Files\\Mozilla Firefox\\firefox.exe" "--marionette" "-foreground" "-no-remote" "-profile" "C:\\Users\\ADMINI~1\\AppData\\Local\\Temp\\rust_mozprofileL7fhia"
1619465090236	Marionette	INFO	Marionette enabled
console.warn: SearchSettings: "get: No settings file exists, new profile?" (new Error("", "(unknown module)"))
1619465091433	Marionette	INFO	Listening on port 58090
1619465091590	Marionette	WARN	TLS certificate errors will be ignored for this session
1619465098638	Marionette	INFO	Stopped listening on port 58090
JavaScript error: https://admin-demo.nopcommerce.com/lib_npm/jquery/jquery.min.js, line 2: NS_ERROR_NOT_INITIALIZED: 

###!!! [Child][RunMessage] Error: Channel closing: too late to send/recv, messages will be lost

1619509165384	geckodriver	INFO	Listening on 127.0.0.1:59489
1619509168420	mozrunner::runner	INFO	Running command: "C:\\Program Files\\Mozilla Firefox\\firefox.exe" "--marionette" "-foreground" "-no-remote" "-profile" "C:\\Users\\ADMINI~1\\AppData\\Local\\Temp\\rust_mozprofiledBmZqD"
1619509168931	Marionette	INFO	Marionette enabled
console.warn: SearchSettings: "get: No settings file exists, new profile?" (new Error("", "(unknown module)"))
1619509170652	Marionette	INFO	Listening on port 59497
1619509171151	Marionette	WARN	TLS certificate errors will be ignored for this session
1619509172908	Marionette	INFO	Stopped listening on port 59497

###!!! [Child][RunMessage] Error: Channel closing: too late to send/recv, messages will be lost

1619509173454	geckodriver	INFO	Listening on 127.0.0.1:59533
1619509176493	mozrunner::runner	INFO	Running command: "C:\\Program Files\\Mozilla Firefox\\firefox.exe" "--marionette" "-foreground" "-no-remote" "-profile" "C:\\Users\\ADMINI~1\\AppData\\Local\\Temp\\rust_mozprofile0RGP8e"
1619509176856	Marionette	INFO	Marionette enabled
console.warn: SearchSettings: "get: No settings file exists, new profile?" (new Error("", "(unknown module)"))
1619509178427	Marionette	INFO	Listening on port 59541
1619509178624	Marionette	WARN	TLS certificate errors will be ignored for this session
1619509187006	Marionette	INFO	Stopped listening on port 59541

###!!! [Child][RunMessage] Error: Channel closing: too late to send/recv, messages will be lost

1619509403977	geckodriver	INFO	Listening on 127.0.0.1:59598
1619509407029	mozrunner::runner	INFO	Running command: "C:\\Program Files\\Mozilla Firefox\\firefox.exe" "--marionette" "-foreground" "-no-remote" "-profile" "C:\\Users\\ADMINI~1\\AppData\\Local\\Temp\\rust_mozprofileIVCmeI"
1619509407350	Marionette	INFO	Marionette enabled
console.warn: SearchSettings: "get: No settings file exists, new profile?" (new Error("", "(unknown module)"))
1619509409604	Marionette	INFO	Listening on port 59614
1619509409757	Marionette	WARN	TLS certificate errors will be ignored for this session
1619509415715	Marionette	INFO	Stopped listening on port 59614
JavaScript error: https://admin-demo.nopcommerce.com/lib_npm/jquery/jquery.min.js, line 2: NS_ERROR_NOT_INITIALIZED: 
1619509437145	geckodriver	INFO	Listening on 127.0.0.1:59700
1619509440175	mozrunner::runner	INFO	Running command: "C:\\Program Files\\Mozilla Firefox\\firefox.exe" "--marionette" "-foreground" "-no-remote" "-profile" "C:\\Users\\ADMINI~1\\AppData\\Local\\Temp\\rust_mozprofileTgpfSz"
1619509440496	Marionette	INFO	Marionette enabled
console.warn: SearchSettings: "get: No settings file exists, new profile?" (new Error("", "(unknown module)"))
1619509442540	Marionette	INFO	Listening on port 59717
1619509442903	Marionette	WARN	TLS certificate errors will be ignored for this session
1619509447874	Marionette	INFO	Stopped listening on port 59716

###!!! [Child][RunMessage] Error: Channel closing: too late to send/recv, messages will be lost

until all connections are closed" is finished, it is too late to register completion condition "protections.sqlite#0: waiting for shutdown"

###!!! [Child][RunMessage] Error: Channel closing: too late to send/recv, messages will be lost

1619515689864	geckodriver	INFO	Listening on 127.0.0.1:59939
1619515692901	mozrunner::runner	INFO	Running command: "C:\\Program Files\\Mozilla Firefox\\firefox.exe" "--marionette" "-foreground" "-no-remote" "-profile" "C:\\Users\\ADMINI~1\\AppData\\Local\\Temp\\rust_mozprofilecKLUOg"
1619515693133	Marionette	INFO	Marionette enabled
console.warn: SearchSettings: "get: No settings file exists, new profile?" (new Error("", "(unknown module)"))
1619515694404	Marionette	INFO	Listening on port 59947
1619515694528	Marionette	WARN	TLS certificate errors will be ignored for this session
1619520179101	Marionette	INFO	Stopped listening on port 59947

###!!! [Child][RunMessage] Error: Channel closing: too late to send/recv, messages will be lost

"--marionette" "-foreground" "-no-remote" "-profile" "C:\\Users\\ADMINI~1\\AppData\\Local\\Temp\\rust_mozprofile3V6EjR"
1619520056943	Marionette	INFO	Marionette enabled
console.warn: SearchSettings: "get: No settings file exists, new profile?" (new Error("", "(unknown module)"))
1619520058300	Marionette	INFO	Listening on port 60043
1619520058340	Marionette	WARN	TLS certificate errors will be ignored for this session
1619520180499	Marionette	INFO	Stopped listening on port 60043

###!!! [Child][RunMessage] Error: Channel closing: too late to send/recv, messages will be lost

"--marionette" "-foreground" "-no-remote" "-profile" "C:\\Users\\ADMINI~1\\AppData\\Local\\Temp\\rust_mozprofilec4zIFM"
1619520166357	Marionette	INFO	Marionette enabled
console.warn: SearchSettings: "get: No settings file exists, new profile?" (new Error("", "(unknown module)"))
1619520167669	Marionette	INFO	Listening on port 60096
1619520167752	Marionette	WARN	TLS certificate errors will be ignored for this session
1619520181894	Marionette	INFO	Stopped listening on port 60096
1619520438228	geckodriver	INFO	Listening on 127.0.0.1:60236
1619520441274	mozrunner::runner	INFO	Running command: "C:\\Program Files\\Mozilla Firefox\\firefox.exe" "--marionette" "-foreground" "-no-remote" "-profile" "C:\\Users\\ADMINI~1\\AppData\\Local\\Temp\\rust_mozprofileiaoIUZ"
1619520441508	Marionette	INFO	Marionette enabled
console.warn: SearchSettings: "get: No settings file exists, new profile?" (new Error("", "(unknown module)"))
1619520442659	Marionette	INFO	Listening on port 60244
1619520442890	Marionette	WARN	TLS certificate errors will be ignored for this session
1619520468739	Marionette	INFO	Stopped listening on port 60244

###!!! [Child][RunMessage] Error: Channel closing: too late to send/recv, messages will be lost

1619520535015	geckodriver	INFO	Listening on 127.0.0.1:60289
1619520538062	mozrunner::runner	INFO	Running command: "C:\\Program Files\\Mozilla Firefox\\firefox.exe" "--marionette" "-foreground" "-no-remote" "-profile" "C:\\Users\\ADMINI~1\\AppData\\Local\\Temp\\rust_mozprofileHLLzi0"
1619520538297	Marionette	INFO	Marionette enabled
console.warn: SearchSettings: "get: No settings file exists, new profile?" (new Error("", "(unknown module)"))
1619520539635	Marionette	INFO	Listening on port 60297
1619520539692	Marionette	WARN	TLS certificate errors will be ignored for this session
1619520550604	Marionette	INFO	Stopped listening on port 60297

###!!! [Child][RunMessage] Error: Channel closing: too late to send/recv, messages will be lost

1619520606683	geckodriver	INFO	Listening on 127.0.0.1:60342
1619520609728	mozrunner::runner	INFO	Running command: "C:\\Program Files\\Mozilla Firefox\\firefox.exe" "--marionette" "-foreground" "-no-remote" "-profile" "C:\\Users\\ADMINI~1\\AppData\\Local\\Temp\\rust_mozprofileyZFSv6"
1619520609973	Marionette	INFO	Marionette enabled
console.warn: SearchSettings: "get: No settings file exists, new profile?" (new Error("", "(unknown module)"))
1619520611297	Marionette	INFO	Listening on port 60350
1619520611351	Marionette	WARN	TLS certificate errors will be ignored for this session
1619520622209	Marionette	INFO	Stopped listening on port 60350

###!!! [Child][RunMessage] Error: Channel closing: too late to send/recv, messages will be lost

1619520817959	geckodriver	INFO	Listening on 127.0.0.1:60396
1619520821006	mozrunner::runner	INFO	Running command: "C:\\Program Files\\Mozilla Firefox\\firefox.exe" "--marionette" "-foreground" "-no-remote" "-profile" "C:\\Users\\ADMINI~1\\AppData\\Local\\Temp\\rust_mozprofileXWJgPH"
1619520821233	Marionette	INFO	Marionette enabled
console.warn: SearchSettings: "get: No settings file exists, new profile?" (new Error("", "(unknown module)"))
1619520822493	Marionette	INFO	Listening on port 60404
1619520822621	Marionette	WARN	TLS certificate errors will be ignored for this session
1619520832172	Marionette	INFO	Stopped listening on port 60404

###!!! [Child][RunMessage] Error: Channel closing: too late to send/recv, messages will be lost

1619520922544	geckodriver	INFO	Listening on 127.0.0.1:60457
1619520925590	mozrunner::runner	INFO	Running command: "C:\\Program Files\\Mozilla Firefox\\firefox.exe" "--marionette" "-foreground" "-no-remote" "-profile" "C:\\Users\\ADMINI~1\\AppData\\Local\\Temp\\rust_mozprofilejM9YBE"
1619520925816	Marionette	INFO	Marionette enabled
console.warn: SearchSettings: "get: No settings file exists, new profile?" (new Error("", "(unknown module)"))
1619520927137	Marionette	INFO	Listening on port 60465
1619520927212	Marionette	WARN	TLS certificate errors will be ignored for this session
1619520937981	Marionette	INFO	Stopped listening on port 60465

###!!! [Child][RunMessage] Error: Channel closing: too late to send/recv, messages will be lost

1619521080744	geckodriver	INFO	Listening on 127.0.0.1:60513
1619521083789	mozrunner::runner	INFO	Running command: "C:\\Program Files\\Mozilla Firefox\\firefox.exe" "--marionette" "-foreground" "-no-remote" "-profile" "C:\\Users\\ADMINI~1\\AppData\\Local\\Temp\\rust_mozprofileeKKN8W"
1619521084026	Marionette	INFO	Marionette enabled
console.warn: SearchSettings: "get: No settings file exists, new profile?" (new Error("", "(unknown module)"))
1619521085308	Marionette	INFO	Listening on port 60521
1619521085408	Marionette	WARN	TLS certificate errors will be ignored for this session
1619521096323	Marionette	INFO	Stopped listening on port 60521
1619521382602	geckodriver	INFO	Listening on 127.0.0.1:60571
1619521385638	mozrunner::runner	INFO	Running command: "C:\\Program Files\\Mozilla Firefox\\firefox.exe" "--marionette" "-foreground" "-no-remote" "-profile" "C:\\Users\\ADMINI~1\\AppData\\Local\\Temp\\rust_mozprofileCAomYE"
1619521385877	Marionette	INFO	Marionette enabled
console.warn: SearchSettings: "get: No settings file exists, new profile?" (new Error("", "(unknown module)"))
1619521387139	Marionette	INFO	Listening on port 60579
1619521387259	Marionette	WARN	TLS certificate errors will be ignored for this session
1619521398074	Marionette	INFO	Stopped listening on port 60579

###!!! [Child][RunMessage] Error: Channel closing: too late to send/recv, messages will be lost

1619521423296	geckodriver	INFO	Listening on 127.0.0.1:60622
1619521426341	mozrunner::runner	INFO	Running command: "C:\\Program Files\\Mozilla Firefox\\firefox.exe" "--marionette" "-foreground" "-no-remote" "-profile" "C:\\Users\\ADMINI~1\\AppData\\Local\\Temp\\rust_mozprofileucO33m"
1619521426565	Marionette	INFO	Marionette enabled
console.warn: SearchSettings: "get: No settings file exists, new profile?" (new Error("", "(unknown module)"))
1619521427838	Marionette	INFO	Listening on port 60630
1619521427961	Marionette	WARN	TLS certificate errors will be ignored for this session
1619521438910	Marionette	INFO	Stopped listening on port 60630

###!!! [Child][RunMessage] Error: Channel closing: too late to send/recv, messages will be lost

1619521508574	geckodriver	INFO	Listening on 127.0.0.1:60674
1619521511619	mozrunner::runner	INFO	Running command: "C:\\Program Files\\Mozilla Firefox\\firefox.exe" "--marionette" "-foreground" "-no-remote" "-profile" "C:\\Users\\ADMINI~1\\AppData\\Local\\Temp\\rust_mozprofile773v3C"
1619521511844	Marionette	INFO	Marionette enabled
console.warn: SearchSettings: "get: No settings file exists, new profile?" (new Error("", "(unknown module)"))
1619521513089	Marionette	INFO	Listening on port 60682
1619521513238	Marionette	WARN	TLS certificate errors will be ignored for this session
1619521524094	Marionette	INFO	Stopped listening on port 60682

###!!! [Child][RunMessage] Error: Channel closing: too late to send/recv, messages will be lost

1619521608670	geckodriver	INFO	Listening on 127.0.0.1:60811
1619521611715	mozrunner::runner	INFO	Running command: "C:\\Program Files\\Mozilla Firefox\\firefox.exe" "--marionette" "-foreground" "-no-remote" "-profile" "C:\\Users\\ADMINI~1\\AppData\\Local\\Temp\\rust_mozprofilemCLn8X"
1619521611952	Marionette	INFO	Marionette enabled
console.warn: SearchSettings: "get: No settings file exists, new profile?" (new Error("", "(unknown module)"))
1619521613315	Marionette	INFO	Listening on port 60819
1619521613340	Marionette	WARN	TLS certificate errors will be ignored for this session
1619521623482	Marionette	INFO	Stopped listening on port 60819

###!!! [Child][RunMessage] Error: Channel closing: too late to send/recv, messages will be lost

1619521824678	geckodriver	INFO	Listening on 127.0.0.1:60874
1619521827725	mozrunner::runner	INFO	Running command: "C:\\Program Files\\Mozilla Firefox\\firefox.exe" "--marionette" "-foreground" "-no-remote" "-profile" "C:\\Users\\ADMINI~1\\AppData\\Local\\Temp\\rust_mozprofileDK8QT0"
1619521827972	Marionette	INFO	Marionette enabled
console.warn: SearchSettings: "get: No settings file exists, new profile?" (new Error("", "(unknown module)"))
1619521829320	Marionette	INFO	Listening on port 60882
1619521829351	Marionette	WARN	TLS certificate errors will be ignored for this session
1619521837283	Marionette	INFO	Stopped listening on port 60882

###!!! [Child][RunMessage] Error: Channel closing: too late to send/recv, messages will be lost

1619521939760	geckodriver	INFO	Listening on 127.0.0.1:60941
1619521942796	mozrunner::runner	INFO	Running command: "C:\\Program Files\\Mozilla Firefox\\firefox.exe" "--marionette" "-foreground" "-no-remote" "-profile" "C:\\Users\\ADMINI~1\\AppData\\Local\\Temp\\rust_mozprofilex64Zps"
1619521943024	Marionette	INFO	Marionette enabled
console.warn: SearchSettings: "get: No settings file exists, new profile?" (new Error("", "(unknown module)"))
1619521944343	Marionette	INFO	Listening on port 60949
1619521944422	Marionette	WARN	TLS certificate errors will be ignored for this session
1619521951462	Marionette	INFO	Stopped listening on port 60949

###!!! [Child][RunMessage] Error: Channel closing: too late to send/recv, messages will be lost

1619521971817	geckodriver	INFO	Listening on 127.0.0.1:60994
1619521974863	mozrunner::runner	INFO	Running command: "C:\\Program Files\\Mozilla Firefox\\firefox.exe" "--marionette" "-foreground" "-no-remote" "-profile" "C:\\Users\\ADMINI~1\\AppData\\Local\\Temp\\rust_mozprofilelDvstX"
1619521975095	Marionette	INFO	Marionette enabled
console.warn: SearchSettings: "get: No settings file exists, new profile?" (new Error("", "(unknown module)"))
1619521976453	Marionette	INFO	Listening on port 61002
1619521976486	Marionette	WARN	TLS certificate errors will be ignored for this session
1619521983483	Marionette	INFO	Stopped listening on port 61002

###!!! [Child][RunMessage] Error: Channel closing: too late to send/recv, messages will be lost

1619522111574	geckodriver	INFO	Listening on 127.0.0.1:61170
1619522114623	mozrunner::runner	INFO	Running command: "C:\\Program Files\\Mozilla Firefox\\firefox.exe" "--marionette" "-foreground" "-no-remote" "-profile" "C:\\Users\\ADMINI~1\\AppData\\Local\\Temp\\rust_mozprofileO7JIvS"
1619522114855	Marionette	INFO	Marionette enabled
console.warn: SearchSettings: "get: No settings file exists, new profile?" (new Error("", "(unknown module)"))
1619522116115	Marionette	INFO	Listening on port 61179
1619522116243	Marionette	WARN	TLS certificate errors will be ignored for this session
1619522557100	Marionette	INFO	Stopped listening on port 61179

###!!! [Child][RunMessage] Error: Channel closing: too late to send/recv, messages will be lost

"--marionette" "-foreground" "-no-remote" "-profile" "C:\\Users\\ADMINI~1\\AppData\\Local\\Temp\\rust_mozprofileuDMvIG"
1619522224663	Marionette	INFO	Marionette enabled
console.warn: SearchSettings: "get: No settings file exists, new profile?" (new Error("", "(unknown module)"))
1619522225981	Marionette	INFO	Listening on port 61333
1619522226059	Marionette	WARN	TLS certificate errors will be ignored for this session
1619522297726	Marionette	INFO	Stopped listening on port 61333

###!!! [Child][RunMessage] Error: Channel closing: too late to send/recv, messages will be lost

1619522389621	geckodriver	INFO	Listening on 127.0.0.1:61391
1619522392665	mozrunner::runner	INFO	Running command: "C:\\Program Files\\Mozilla Firefox\\firefox.exe" "--marionette" "-foreground" "-no-remote" "-profile" "C:\\Users\\ADMINI~1\\AppData\\Local\\Temp\\rust_mozprofileJxd1g0"
1619522392894	Marionette	INFO	Marionette enabled
console.warn: SearchSettings: "get: No settings file exists, new profile?" (new Error("", "(unknown module)"))
1619522394197	Marionette	INFO	Listening on port 61399
1619522394301	Marionette	WARN	TLS certificate errors will be ignored for this session
1619522558490	Marionette	INFO	Stopped listening on port 61399

###!!! [Child][RunMessage] Error: Channel closing: too late to send/recv, messages will be lost

"--marionette" "-foreground" "-no-remote" "-profile" "C:\\Users\\ADMINI~1\\AppData\\Local\\Temp\\rust_mozprofileI6MSj6"
1619522500337	Marionette	INFO	Marionette enabled
console.warn: SearchSettings: "get: No settings file exists, new profile?" (new Error("", "(unknown module)"))
1619522501628	Marionette	INFO	Listening on port 61458
1619522501723	Marionette	WARN	TLS certificate errors will be ignored for this session
1619522560381	Marionette	INFO	Stopped listening on port 61458
1619522683192	geckodriver	INFO	Listening on 127.0.0.1:61512
1619522686240	mozrunner::runner	INFO	Running command: "C:\\Program Files\\Mozilla Firefox\\firefox.exe" "--marionette" "-foreground" "-no-remote" "-profile" "C:\\Users\\ADMINI~1\\AppData\\Local\\Temp\\rust_mozprofileHtxac7"
1619522686485	Marionette	INFO	Marionette enabled
console.warn: SearchSettings: "get: No settings file exists, new profile?" (new Error("", "(unknown module)"))
1619522687860	Marionette	INFO	Listening on port 61520
1619522688358	Marionette	WARN	TLS certificate errors will be ignored for this session
console.warn: LoginRecipes: "getRecipes: falling back to a synchronous message for:" "https://admin-demo.nopcommerce.com"
1619522892015	Marionette	INFO	Stopped listening on port 61520

###!!! [Child][RunMessage] Error: Channel closing: too late to send/recv, messages will be lost

"--marionette" "-foreground" "-no-remote" "-profile" "C:\\Users\\ADMINI~1\\AppData\\Local\\Temp\\rust_mozprofilethS2fn"
1619522873179	Marionette	INFO	Marionette enabled
console.warn: SearchSettings: "get: No settings file exists, new profile?" (new Error("", "(unknown module)"))
1619522874414	Marionette	INFO	Listening on port 61600
1619522874562	Marionette	WARN	TLS certificate errors will be ignored for this session
1619522893437	Marionette	INFO	Stopped listening on port 61600

###!!! [Child][RunMessage] Error: Channel closing: too late to send/recv, messages will be lost

1619522934376	geckodriver	INFO	Listening on 127.0.0.1:61646
1619522937421	mozrunner::runner	INFO	Running command: "C:\\Program Files\\Mozilla Firefox\\firefox.exe" "--marionette" "-foreground" "-no-remote" "-profile" "C:\\Users\\ADMINI~1\\AppData\\Local\\Temp\\rust_mozprofile89UmMk"
1619522937657	Marionette	INFO	Marionette enabled
console.warn: SearchSettings: "get: No settings file exists, new profile?" (new Error("", "(unknown module)"))
1619522938928	Marionette	INFO	Listening on port 61654
1619522939037	Marionette	WARN	TLS certificate errors will be ignored for this session
1619522963605	Marionette	INFO	Stopped listening on port 61654

###!!! [Child][RunMessage] Error: Channel closing: too late to send/recv, messages will be lost

1619523082038	geckodriver	INFO	Listening on 127.0.0.1:61700
1619523085078	mozrunner::runner	INFO	Running command: "C:\\Program Files\\Mozilla Firefox\\firefox.exe" "--marionette" "-foreground" "-no-remote" "-profile" "C:\\Users\\ADMINI~1\\AppData\\Local\\Temp\\rust_mozprofileyVFj25"
1619523085313	Marionette	INFO	Marionette enabled
console.warn: SearchSettings: "get: No settings file exists, new profile?" (new Error("", "(unknown module)"))
1619523086594	Marionette	INFO	Listening on port 61708
1619523086696	Marionette	WARN	TLS certificate errors will be ignored for this session
1619523192648	Marionette	INFO	Stopped listening on port 61708

###!!! [Child][RunMessage] Error: Channel closing: too late to send/recv, messages will be lost

1619523208336	geckodriver	INFO	Listening on 127.0.0.1:61752
1619523211381	mozrunner::runner	INFO	Running command: "C:\\Program Files\\Mozilla Firefox\\firefox.exe" "--marionette" "-foreground" "-no-remote" "-profile" "C:\\Users\\ADMINI~1\\AppData\\Local\\Temp\\rust_mozprofilem5r6i5"
1619523211615	Marionette	INFO	Marionette enabled
console.warn: SearchSettings: "get: No settings file exists, new profile?" (new Error("", "(unknown module)"))
1619523212920	Marionette	INFO	Listening on port 61760
1619523213005	Marionette	WARN	TLS certificate errors will be ignored for this session
1619523237435	Marionette	INFO	Stopped listening on port 61760

###!!! [Child][RunMessage] Error: Channel closing: too late to send/recv, messages will be lost

1619523259943	geckodriver	INFO	Listening on 127.0.0.1:61807
1619523262990	mozrunner::runner	INFO	Running command: "C:\\Program Files\\Mozilla Firefox\\firefox.exe" "--marionette" "-foreground" "-no-remote" "-profile" "C:\\Users\\ADMINI~1\\AppData\\Local\\Temp\\rust_mozprofilegYZPo0"
1619523263214	Marionette	INFO	Marionette enabled
console.warn: SearchSettings: "get: No settings file exists, new profile?" (new Error("", "(unknown module)"))
1619523264533	Marionette	INFO	Listening on port 61815
1619523264610	Marionette	WARN	TLS certificate errors will be ignored for this session
1619523782632	Marionette	INFO	Stopped listening on port 61815

###!!! [Child][RunMessage] Error: Channel closing: too late to send/recv, messages will be lost

"--marionette" "-foreground" "-no-remote" "-profile" "C:\\Users\\ADMINI~1\\AppData\\Local\\Temp\\rust_mozprofileM5V5QQ"
1619523436847	Marionette	INFO	Marionette enabled
console.warn: SearchSettings: "get: No settings file exists, new profile?" (new Error("", "(unknown module)"))
1619523438031	Marionette	INFO	Listening on port 61885
1619523438228	Marionette	WARN	TLS certificate errors will be ignored for this session
1619523781247	Marionette	INFO	Stopped listening on port 61885

###!!! [Child][RunMessage] Error: Channel closing: too late to send/recv, messages will be lost

"--marionette" "-foreground" "-no-remote" "-profile" "C:\\Users\\ADMINI~1\\AppData\\Local\\Temp\\rust_mozprofilegaJDQp"
1619523564893	Marionette	INFO	Marionette enabled
console.warn: SearchSettings: "get: No settings file exists, new profile?" (new Error("", "(unknown module)"))
1619523566189	Marionette	INFO	Listening on port 61947
1619523566295	Marionette	WARN	TLS certificate errors will be ignored for this session
1619523780107	Marionette	INFO	Stopped listening on port 61947

###!!! [Child][RunMessage] Error: Channel closing: too late to send/recv, messages will be lost

"--marionette" "-foreground" "-no-remote" "-profile" "C:\\Users\\ADMINI~1\\AppData\\Local\\Temp\\rust_mozprofilef6TQYX"
1619523715781	Marionette	INFO	Marionette enabled
console.warn: SearchSettings: "get: No settings file exists, new profile?" (new Error("", "(unknown module)"))
1619523717226	Marionette	INFO	Listening on port 62014
1619523717668	Marionette	WARN	TLS certificate errors will be ignored for this session
1619523778876	Marionette	INFO	Stopped listening on port 62014

###!!! [Child][RunMessage] Error: Channel closing: too late to send/recv, messages will be lost

1619523790340	geckodriver	INFO	Listening on 127.0.0.1:62069
1619523793387	mozrunner::runner	INFO	Running command: "C:\\Program Files\\Mozilla Firefox\\firefox.exe" "--marionette" "-foreground" "-no-remote" "-profile" "C:\\Users\\ADMINI~1\\AppData\\Local\\Temp\\rust_mozprofile43iU4f"
1619523793619	Marionette	INFO	Marionette enabled
console.warn: SearchSettings: "get: No settings file exists, new profile?" (new Error("", "(unknown module)"))
1619523794939	Marionette	INFO	Listening on port 62077
1619523795015	Marionette	WARN	TLS certificate errors will be ignored for this session
1619525073436	Marionette	INFO	Stopped listening on port 62077

###!!! [Child][RunMessage] Error: Channel closing: too late to send/recv, messages will be lost

"--marionette" "-foreground" "-no-remote" "-profile" "C:\\Users\\ADMINI~1\\AppData\\Local\\Temp\\rust_mozprofileiLXI9k"
1619523987491	Marionette	INFO	Marionette enabled
console.warn: SearchSettings: "get: No settings file exists, new profile?" (new Error("", "(unknown module)"))
1619523988812	Marionette	INFO	Listening on port 62141
1619523988863	Marionette	WARN	TLS certificate errors will be ignored for this session
1619525075240	Marionette	INFO	Stopped listening on port 62141

###!!! [Child][RunMessage] Error: Channel closing: too late to send/recv, messages will be lost

"--marionette" "-foreground" "-no-remote" "-profile" "C:\\Users\\ADMINI~1\\AppData\\Local\\Temp\\rust_mozprofile5OQlj1"
1619525017275	Marionette	INFO	Marionette enabled
console.warn: SearchSettings: "get: No settings file exists, new profile?" (new Error("", "(unknown module)"))
1619525018657	Marionette	INFO	Listening on port 62237
1619525019158	Marionette	WARN	TLS certificate errors will be ignored for this session
1619525060089	Marionette	INFO	Stopped listening on port 62237

###!!! [Child][RunMessage] Error: Channel closing: too late to send/recv, messages will be lost

1620122358081	geckodriver	INFO	Listening on 127.0.0.1:56948
1620122361144	mozrunner::runner	INFO	Running command: "C:\\Program Files\\Mozilla Firefox\\firefox.exe" "--marionette" "-foreground" "-no-remote" "-profile" "C:\\Users\\ADMINI~1\\AppData\\Local\\Temp\\rust_mozprofilejylLHA"
1620122361609	Marionette	INFO	Marionette enabled
console.warn: SearchSettings: "get: No settings file exists, new profile?" (new Error("", "(unknown module)"))
1620122362828	Marionette	INFO	Listening on port 56957
1620122363275	Marionette	WARN	TLS certificate errors will be ignored for this session
1620122714603	Marionette	INFO	Stopped listening on port 56957
0122408163	mozrunner::runner	INFO	Running command: "C:\\Program Files\\Mozilla Firefox\\firefox.exe" "--marionette" "-foreground" "-no-remote" "-profile" "C:\\Users\\ADMINI~1\\AppData\\Local\\Temp\\rust_mozprofilehcpXa5"
1620122408399	Marionette	INFO	Marionette enabled
console.warn: SearchSettings: "get: No settings file exists, new profile?" (new Error("", "(unknown module)"))
1620122409742	Marionette	INFO	Listening on port 57011
1620122409801	Marionette	WARN	TLS certificate errors will be ignored for this session
1620122717194	Marionette	INFO	Stopped listening on port 57011

###!!! [Child][RunMessage] Error: Channel closing: too late to send/recv, messages will be lost

1620122761377	geckodriver	INFO	Listening on 127.0.0.1:57140
1620122764432	mozrunner::runner	INFO	Running command: "C:\\Program Files\\Mozilla Firefox\\firefox.exe" "--marionette" "-foreground" "-no-remote" "-profile" "C:\\Users\\ADMINI~1\\AppData\\Local\\Temp\\rust_mozprofileOBMe7l"
1620122764673	Marionette	INFO	Marionette enabled
console.warn: SearchSettings: "get: No settings file exists, new profile?" (new Error("", "(unknown module)"))
1620122765857	Marionette	INFO	Listening on port 57148
1620122766052	Marionette	WARN	TLS certificate errors will be ignored for this session
1620122767990	Marionette	INFO	Stopped listening on port 57148
1620122768511	geckodriver	INFO	Listening on 127.0.0.1:57179
1620122771554	mozrunner::runner	INFO	Running command: "C:\\Program Files\\Mozilla Firefox\\firefox.exe" "--marionette" "-foreground" "-no-remote" "-profile" "C:\\Users\\ADMINI~1\\AppData\\Local\\Temp\\rust_mozprofile16tr46"
1620122771793	Marionette	INFO	Marionette enabled
console.warn: SearchSettings: "get: No settings file exists, new profile?" (new Error("", "(unknown module)"))
1620122773168	Marionette	INFO	Listening on port 57187
1620122773189	Marionette	WARN	TLS certificate errors will be ignored for this session
1620122774576	Marionette	INFO	Stopped listening on port 57187

###!!! [Child][RunMessage] Error: Channel closing: too late to send/recv, messages will be lost

1620122861827	geckodriver	INFO	Listening on 127.0.0.1:57218
1620122864884	mozrunner::runner	INFO	Running command: "C:\\Program Files\\Mozilla Firefox\\firefox.exe" "--marionette" "-foreground" "-no-remote" "-profile" "C:\\Users\\ADMINI~1\\AppData\\Local\\Temp\\rust_mozprofileMWvycG"
1620122865117	Marionette	INFO	Marionette enabled
console.warn: SearchSettings: "get: No settings file exists, new profile?" (new Error("", "(unknown module)"))
1620122866386	Marionette	INFO	Listening on port 57226
1620122866511	Marionette	WARN	TLS certificate errors will be ignored for this session
1620124751382	addons.xpi	ERROR	System addon update list error Error: Failed downloading XML, status: 0, reason: error
1620124761492	Marionette	INFO	Stopped listening on port 57226

###!!! [Child][RunMessage] Error: Channel closing: too late to send/recv, messages will be lost


1620123158343	Marionette	INFO	Marionette enabled
console.warn: SearchSettings: "get: No settings file exists, new profile?" (new Error("", "(unknown module)"))
1620123159719	Marionette	INFO	Listening on port 57289
1620123160229	Marionette	WARN	TLS certificate errors will be ignored for this session
1620124758812	Marionette	INFO	Stopped listening on port 57289

###!!! [Child][RunMessage] Error: Channel closing: too late to send/recv, messages will be lost

1620124884503	geckodriver	INFO	Listening on 127.0.0.1:57490
1620124887574	mozrunner::runner	INFO	Running command: "C:\\Program Files\\Mozilla Firefox\\firefox.exe" "--marionette" "-foreground" "-no-remote" "-profile" "C:\\Users\\ADMINI~1\\AppData\\Local\\Temp\\rust_mozprofilehwynmq"
1620124888015	Marionette	INFO	Marionette enabled
console.warn: SearchSettings: "get: No settings file exists, new profile?" (new Error("", "(unknown module)"))
1620124889191	Marionette	INFO	Listening on port 57499
1620124889708	Marionette	WARN	TLS certificate errors will be ignored for this session
1620124963534	Marionette	INFO	Stopped listening on port 57499

###!!! [Child][RunMessage] Error: Channel closing: too late to send/recv, messages will be lost

"--marionette" "-foreground" "-no-remote" "-profile" "C:\\Users\\ADMINI~1\\AppData\\Local\\Temp\\rust_mozprofile6Y89Tk"
1620124893109	Marionette	INFO	Marionette enabled
console.warn: SearchSettings: "get: No settings file exists, new profile?" (new Error("", "(unknown module)"))
1620124894412	Marionette	INFO	Listening on port 57540
1620124894501	Marionette	WARN	TLS certificate errors will be ignored for this session
1620124897113	Marionette	INFO	Stopped listening on port 57540
1620124897640	geckodriver	INFO	Listening on 127.0.0.1:57580
1620124900696	mozrunner::runner	INFO	Running command: "C:\\Program Files\\Mozilla Firefox\\firefox.exe" "--marionette" "-foreground" "-no-remote" "-profile" "C:\\Users\\ADMINI~1\\AppData\\Local\\Temp\\rust_mozprofiler0PbdV"
1620124900930	Marionette	INFO	Marionette enabled
console.warn: SearchSettings: "get: No settings file exists, new profile?" (new Error("", "(unknown module)"))
1620124902280	Marionette	INFO	Listening on port 57588
1620124902321	Marionette	WARN	TLS certificate errors will be ignored for this session
1620124909011	Marionette	INFO	Stopped listening on port 57588
JavaScript error: resource://gre/modules/UrlClassifierListManager.jsm, line 691: TypeError: this.tablesData[table] is undefined

###!!! [Child][RunMessage] Error: Channel closing: too late to send/recv, messages will be lost

1620124909600	geckodriver	INFO	Listening on 127.0.0.1:57637
1620124912647	mozrunner::runner	INFO	Running command: "C:\\Program Files\\Mozilla Firefox\\firefox.exe" "--marionette" "-foreground" "-no-remote" "-profile" "C:\\Users\\ADMINI~1\\AppData\\Local\\Temp\\rust_mozprofileisjx5Z"
1620124912886	Marionette	INFO	Marionette enabled
console.warn: SearchSettings: "get: No settings file exists, new profile?" (new Error("", "(unknown module)"))
1620124914051	Marionette	INFO	Listening on port 57645
1620124914267	Marionette	WARN	TLS certificate errors will be ignored for this session
1620124955514	Marionette	INFO	Stopped listening on port 57645

###!!! [Child][RunMessage] Error: Channel closing: too late to send/recv, messages will be lost

1620125127143	geckodriver	INFO	Listening on 127.0.0.1:57708
1620125130193	mozrunner::runner	INFO	Running command: "C:\\Program Files\\Mozilla Firefox\\firefox.exe" "--marionette" "-foreground" "-no-remote" "-profile" "C:\\Users\\ADMINI~1\\AppData\\Local\\Temp\\rust_mozprofilec0B8WI"
1620125130435	Marionette	INFO	Marionette enabled
console.warn: SearchSettings: "get: No settings file exists, new profile?" (new Error("", "(unknown module)"))
1620125131758	Marionette	INFO	Listening on port 57716
1620125131828	Marionette	WARN	TLS certificate errors will be ignored for this session
1620143922383	addons.xpi	ERROR	System addon update list error Error: Failed downloading XML, status: 0, reason: error
1620144142156	Marionette	INFO	Stopped listening on port 57716

###!!! [Child][RunMessage] Error: Channel closing: too late to send/recv, messages will be lost

"--marionette" "-foreground" "-no-remote" "-profile" "C:\\Users\\ADMINI~1\\AppData\\Local\\Temp\\rust_mozprofile1XovE7"
1620143995728	Marionette	INFO	Marionette enabled
console.warn: SearchSettings: "get: No settings file exists, new profile?" (new Error("", "(unknown module)"))
1620143997021	Marionette	INFO	Listening on port 57876
1620143997408	Marionette	WARN	TLS certificate errors will be ignored for this session
1620144143444	Marionette	INFO	Stopped listening on port 57876

###!!! [Child][RunMessage] Error: Channel closing: too late to send/recv, messages will be lost

"--marionette" "-foreground" "-no-remote" "-profile" "C:\\Users\\ADMINI~1\\AppData\\Local\\Temp\\rust_mozprofileSaSH5y"
1620144135572	Marionette	INFO	Marionette enabled
console.warn: SearchSettings: "get: No settings file exists, new profile?" (new Error("", "(unknown module)"))
1620144137043	Marionette	INFO	Listening on port 57944
1620144137465	Marionette	WARN	TLS certificate errors will be ignored for this session
1620144140233	Marionette	INFO	Stopped listening on port 57944

###!!! [Child][RunMessage] Error: Channel closing: too late to send/recv, messages will be lost

1620144377138	geckodriver	INFO	Listening on 127.0.0.1:57983
1620144380196	mozrunner::runner	INFO	Running command: "C:\\Program Files\\Mozilla Firefox\\firefox.exe" "--marionette" "-foreground" "-no-remote" "-profile" "C:\\Users\\ADMINI~1\\AppData\\Local\\Temp\\rust_mozprofileilBZ68"
1620144380431	Marionette	INFO	Marionette enabled
console.warn: SearchSettings: "get: No settings file exists, new profile?" (new Error("", "(unknown module)"))
1620144381844	Marionette	INFO	Listening on port 57991
1620144382326	Marionette	WARN	TLS certificate errors will be ignored for this session
1620144391410	Marionette	INFO	Stopped listening on port 57991

###!!! [Child][RunMessage] Error: Channel closing: too late to send/recv, messages will be lost

"--marionette" "-foreground" "-no-remote" "-profile" "C:\\Users\\ADMINI~1\\AppData\\Local\\Temp\\rust_mozprofileQoksRC"
1620144385756	Marionette	INFO	Marionette enabled
console.warn: SearchSettings: "get: No settings file exists, new profile?" (new Error("", "(unknown module)"))
1620144387020	Marionette	INFO	Listening on port 58030
1620144387143	Marionette	WARN	TLS certificate errors will be ignored for this session
console.warn: services.settings: main/cfr-fxa sync interrupted by shutdown
JavaScript error: , line 0: AbortError: A request was aborted, for example through a call to IDBTransaction.abort.
1620144388326	Marionette	INFO	Stopped listening on port 58030

###!!! [Child][RunMessage] Error: Channel closing: too late to send/recv, messages will be lost

1620144581644	geckodriver	INFO	Listening on 127.0.0.1:58077
1620144584702	mozrunner::runner	INFO	Running command: "C:\\Program Files\\Mozilla Firefox\\firefox.exe" "--marionette" "-foreground" "-no-remote" "-profile" "C:\\Users\\ADMINI~1\\AppData\\Local\\Temp\\rust_mozprofileB2Pqgs"
1620144584954	Marionette	INFO	Marionette enabled
console.warn: SearchSettings: "get: No settings file exists, new profile?" (new Error("", "(unknown module)"))
1620144586204	Marionette	INFO	Listening on port 58085
1620144586332	Marionette	WARN	TLS certificate errors will be ignored for this session
1620144592510	Marionette	INFO	Stopped listening on port 58085

###!!! [Child][RunMessage] Error: Channel closing: too late to send/recv, messages will be lost

1620146381943	geckodriver	INFO	Listening on 127.0.0.1:59587
1620146384999	mozrunner::runner	INFO	Running command: "C:\\Program Files\\Mozilla Firefox\\firefox.exe" "--marionette" "-foreground" "-no-remote" "-profile" "C:\\Users\\ADMINI~1\\AppData\\Local\\Temp\\rust_mozprofileb4NfPg"
1620146385243	Marionette	INFO	Marionette enabled
console.warn: SearchSettings: "get: No settings file exists, new profile?" (new Error("", "(unknown module)"))
1620146386426	Marionette	INFO	Listening on port 59595
1620146386633	Marionette	WARN	TLS certificate errors will be ignored for this session
1620146394300	Marionette	WARN	TimedPromise timed out after 500 ms: stacktrace:
TimedPromise/<@chrome://marionette/content/sync.js:237:19
TimedPromise@chrome://marionette/content/sync.js:222:10
interaction.flushEventLoop@chrome://marionette/content/interaction.js:431:10
webdriverClickElement@chrome://marionette/content/interaction.js:179:31
send@https://admin-demo.nopcommerce.com/lib_npm/jquery/jquery.min.js:2:82613
ajax@https://admin-demo.nopcommerce.com/lib_npm/jquery/jquery.min.js:2:78223
s.ajax@https://admin-demo.nopcommerce.com/lib_npm/jquery-migrate/jquery-migrate.min.js:2:3931
init@https://admin-demo.nopcommerce.com/js/admin.navigation.js:59:11
initOnce@https://admin-demo.nopcommerce.com/js/admin.navigation.js:93:17
init@https://admin-demo.nopcommerce.com/js/admin.search.js:75:30
@https://admin-demo.nopcommerce.com/admin/:158:46
e@https://admin-demo.nopcommerce.com/lib_npm/jquery/jquery.min.js:2:30005
l/</t<@https://admin-demo.nopcommerce.com/lib_npm/jquery/jquery.min.js:2:30307
1620146428235	geckodriver	INFO	Listening on 127.0.0.1:59645
1620146431297	mozrunner::runner	INFO	Running command: "C:\\Program Files\\Mozilla Firefox\\firefox.exe" "--marionette" "-foreground" "-no-remote" "-profile" "C:\\Users\\ADMINI~1\\AppData\\Local\\Temp\\rust_mozprofileWL5SCt"
1620146431526	Marionette	INFO	Marionette enabled
console.warn: SearchSettings: "get: No settings file exists, new profile?" (new Error("", "(unknown module)"))
1620146432795	Marionette	INFO	Listening on port 59653
1620146432920	Marionette	WARN	TLS certificate errors will be ignored for this session
1620146451733	Marionette	WARN	TimedPromise timed out after 500 ms: stacktrace:
TimedPromise/<@chrome://marionette/content/sync.js:237:19
TimedPromise@chrome://marionette/content/sync.js:222:10
interaction.flushEventLoop@chrome://marionette/content/interaction.js:431:10
webdriverClickElement@chrome://marionette/content/interaction.js:179:31
send@https://admin-demo.nopcommerce.com/lib_npm/jquery/jquery.min.js:2:82613
ajax@https://admin-demo.nopcommerce.com/lib_npm/jquery/jquery.min.js:2:78223
s.ajax@https://admin-demo.nopcommerce.com/lib_npm/jquery-migrate/jquery-migrate.min.js:2:3931
init@https://admin-demo.nopcommerce.com/js/admin.navigation.js:59:11
initOnce@https://admin-demo.nopcommerce.com/js/admin.navigation.js:93:17
init@https://admin-demo.nopcommerce.com/js/admin.search.js:75:30
@https://admin-demo.nopcommerce.com/Admin/Customer/Create:155:46
e@https://admin-demo.nopcommerce.com/lib_npm/jquery/jquery.min.js:2:30005
l/</t<@https://admin-demo.nopcommerce.com/lib_npm/jquery/jquery.min.js:2:30307
1620146609794	Marionette	INFO	Stopped listening on port 59653
0146535694	mozrunner::runner	INFO	Running command: "C:\\Program Files\\Mozilla Firefox\\firefox.exe" "--marionette" "-foreground" "-no-remote" "-profile" "C:\\Users\\ADMINI~1\\AppData\\Local\\Temp\\rust_mozprofileAcs6Ap"
1620146535936	Marionette	INFO	Marionette enabled
console.warn: SearchSettings: "get: No settings file exists, new profile?" (new Error("", "(unknown module)"))
1620146537364	Marionette	INFO	Listening on port 59718
1620146537825	Marionette	WARN	TLS certificate errors will be ignored for this session
