2021-04-26 23:24:44,518 - INFO - ****Test_001_Login****
2021-04-26 23:24:44,519 - INFO - ****Verification of HomePage Title****
2021-04-26 23:24:46,871 - ERROR - ****Home page title test is FAILED****
2021-04-26 23:24:51,598 - INFO - ****VERIFICATION OF LOG IN****
2021-04-26 23:24:59,173 - INFO - ****Login test is PASSED SUCCESSFULLY****
2021-04-27 11:00:38,327 - INFO - ****Test_001_Login****
2021-04-27 11:00:38,327 - INFO - ****Verification of HomePage Title****
2021-04-27 11:00:51,881 - ERROR - ****Home page title test is FAILED****
2021-04-27 11:00:52,924 - INFO - ****VERIFICATION OF LOG IN****
2021-04-27 11:01:09,184 - INFO - ****Login test is PASSED SUCCESSFULLY****
2021-04-27 11:39:31,161 - INFO - ****Test_001_Login****
2021-04-27 11:39:31,161 - INFO - ****Verification of HomePage Title****
2021-04-27 11:39:32,906 - INFO - ****Home page title test is PASSED SUCCESSFULLY****
2021-04-27 11:39:38,633 - INFO - ****VERIFICATION OF LOG IN****
2021-04-27 11:39:47,552 - INFO - ****Login test is PASSED SUCCESSFULLY****
2021-04-27 11:43:29,275 - INFO - ****Test_001_Login****
2021-04-27 11:43:29,275 - INFO - ****Verification of HomePage Title****
2021-04-27 11:43:29,771 - INFO - ****VERIFICATION OF LOG IN****
2021-04-27 11:43:30,960 - INFO - ****Home page title test is PASSED SUCCESSFULLY****
2021-04-27 11:43:36,299 - INFO - ****Login test is PASSED SUCCESSFULLY****
2021-04-27 11:44:02,916 - INFO - ****Test_001_Login****
2021-04-27 11:44:02,916 - INFO - ****Verification of HomePage Title****
2021-04-27 11:44:02,916 - INFO - ****VERIFICATION OF LOG IN****
2021-04-27 11:44:04,682 - INFO - ****Home page title test is PASSED SUCCESSFULLY****
2021-04-27 13:28:14,538 - INFO - ****Test_002_Login_DDT****
2021-04-27 13:28:14,538 - INFO - ****VERIFICATION OF LOG IN DDT****
2021-04-27 14:40:58,353 - INFO - ****Test_002_Login_DDT****
2021-04-27 14:40:58,353 - INFO - ****VERIFICATION OF LOG IN DDT****
2021-04-27 14:42:47,763 - INFO - ****Test_002_Login_DDT****
2021-04-27 14:42:47,763 - INFO - ****VERIFICATION OF LOG IN DDT****
2021-04-27 14:47:22,899 - INFO - ****Test_002_Login_DDT****
2021-04-27 14:47:22,899 - INFO - ****VERIFICATION OF LOG IN DDT****
2021-04-27 14:48:59,712 - INFO - ****Test_002_Login_DDT****
2021-04-27 14:48:59,713 - INFO - ****VERIFICATION OF LOG IN DDT****
2021-04-27 14:49:10,602 - INFO - **** passed ****
2021-04-27 14:49:10,602 - INFO - ******* DDT Login test passed **********
2021-04-27 14:50:11,362 - INFO - ****Test_002_Login_DDT****
2021-04-27 14:50:11,362 - INFO - ****VERIFICATION OF LOG IN DDT****
2021-04-27 14:50:22,207 - INFO - **** passed ****
2021-04-27 14:50:22,207 - INFO - ******* DDT Login test passed **********
2021-04-27 14:53:42,629 - INFO - ****Test_002_Login_DDT****
2021-04-27 14:53:42,630 - INFO - ****VERIFICATION OF LOG IN DDT****
2021-04-27 14:53:52,169 - INFO - **** passed ****
2021-04-27 14:53:52,169 - INFO - ******* DDT Login test passed **********
2021-04-27 14:55:27,221 - INFO - ****Test_002_Login_DDT****
2021-04-27 14:55:27,221 - INFO - ****VERIFICATION OF LOG IN DDT****
2021-04-27 14:55:37,978 - INFO - **** passed ****
2021-04-27 14:55:37,979 - INFO - ******* DDT Login test passed **********
2021-04-27 14:58:05,417 - INFO - ****Test_002_Login_DDT****
2021-04-27 14:58:05,417 - INFO - ****VERIFICATION OF LOG IN DDT****
2021-04-27 14:58:16,321 - INFO - **** passed ****
2021-04-27 14:58:16,321 - INFO - ******* DDT Login test passed **********
2021-04-27 14:58:16,818 - INFO - ******* End of Login DDT Test **********
2021-04-27 14:58:16,818 - INFO - **************** Completed  TC_LoginDDT_002 ************* 
2021-04-27 15:03:07,269 - INFO - ****Test_002_Login_DDT****
2021-04-27 15:03:07,271 - INFO - ****VERIFICATION OF LOG IN DDT****
2021-04-27 15:03:18,072 - INFO - **** passed ****
2021-04-27 15:03:18,072 - INFO - ******* DDT Login test passed **********
2021-04-27 15:03:18,571 - INFO - ******* End of Login DDT Test **********
2021-04-27 15:03:18,571 - INFO - **************** Completed  TC_LoginDDT_002 ************* 
2021-04-27 15:03:47,970 - INFO - ****Test_002_Login_DDT****
2021-04-27 15:03:47,971 - INFO - ****VERIFICATION OF LOG IN DDT****
2021-04-27 15:03:58,907 - INFO - **** passed ****
2021-04-27 15:03:58,907 - INFO - ******* DDT Login test passed **********
2021-04-27 15:03:59,307 - INFO - ******* End of Login DDT Test **********
2021-04-27 15:03:59,307 - INFO - **************** Completed  TC_LoginDDT_002 ************* 
2021-04-27 15:05:13,246 - INFO - ****Test_002_Login_DDT****
2021-04-27 15:05:13,246 - INFO - ****VERIFICATION OF LOG IN DDT****
2021-04-27 15:05:24,092 - INFO - **** passed ****
2021-04-27 15:05:24,092 - INFO - ******* DDT Login test passed **********
2021-04-27 15:05:24,586 - INFO - ******* End of Login DDT Test **********
2021-04-27 15:05:24,586 - INFO - **************** Completed  TC_LoginDDT_002 ************* 
2021-04-27 15:06:53,354 - INFO - ****Test_002_Login_DDT****
2021-04-27 15:06:53,354 - INFO - ****VERIFICATION OF LOG IN DDT****
2021-04-27 15:07:03,479 - INFO - **** passed ****
2021-04-27 15:07:03,480 - INFO - ******* DDT Login test passed **********
2021-04-27 15:07:03,875 - INFO - ******* End of Login DDT Test **********
2021-04-27 15:07:03,875 - INFO - **************** Completed  TC_LoginDDT_002 ************* 
2021-04-27 15:10:29,365 - INFO - ****Test_002_Login_DDT****
2021-04-27 15:10:29,365 - INFO - ****VERIFICATION OF LOG IN DDT****
2021-04-27 15:10:37,280 - INFO - **** passed ****
2021-04-27 15:10:37,281 - INFO - ******* DDT Login test passed **********
2021-04-27 15:10:37,779 - INFO - ******* End of Login DDT Test **********
2021-04-27 15:10:37,779 - INFO - **************** Completed  TC_LoginDDT_002 ************* 
2021-04-27 15:12:24,431 - INFO - ****Test_002_Login_DDT****
2021-04-27 15:12:24,432 - INFO - ****VERIFICATION OF LOG IN DDT****
2021-04-27 15:12:31,460 - INFO - ******* DDT Login test passed **********
2021-04-27 15:12:31,961 - INFO - ******* End of Login DDT Test **********
2021-04-27 15:12:31,962 - INFO - **************** Completed  TC_LoginDDT_002 ************* 
2021-04-27 15:12:56,502 - INFO - ****Test_002_Login_DDT****
2021-04-27 15:12:56,502 - INFO - ****VERIFICATION OF LOG IN DDT****
2021-04-27 15:13:03,481 - INFO - **** passed ****
2021-04-27 15:13:03,481 - INFO - ******* DDT Login test passed **********
2021-04-27 15:13:03,975 - INFO - ******* End of Login DDT Test **********
2021-04-27 15:13:03,975 - INFO - **************** Completed  TC_LoginDDT_002 ************* 
2021-04-27 15:15:16,254 - INFO - ****Test_002_Login_DDT****
2021-04-27 15:15:16,254 - INFO - ****VERIFICATION OF LOG IN DDT****
2021-04-27 15:15:23,332 - INFO - **** passed ****
2021-04-27 15:15:28,606 - INFO - **** passed ****
2021-04-27 15:15:34,693 - INFO - **** passed ****
2021-04-27 15:17:06,068 - INFO - ****Test_002_Login_DDT****
2021-04-27 15:17:06,069 - INFO - ****VERIFICATION OF LOG IN DDT****
2021-04-27 15:17:12,983 - INFO - **** passed ****
2021-04-27 15:17:18,259 - INFO - **** passed ****
2021-04-27 15:17:24,351 - INFO - **** passed ****
2021-04-27 15:19:54,315 - INFO - ****Test_002_Login_DDT****
2021-04-27 15:19:54,316 - INFO - ****VERIFICATION OF LOG IN DDT****
2021-04-27 15:20:01,224 - INFO - **** failed ****
2021-04-27 15:20:06,508 - INFO - **** passed ****
2021-04-27 15:20:12,583 - INFO - **** passed ****
2021-04-27 15:21:41,733 - INFO - ****Test_002_Login_DDT****
2021-04-27 15:21:41,734 - INFO - ****VERIFICATION OF LOG IN DDT****
2021-04-27 15:21:48,712 - INFO - **** failed ****
2021-04-27 15:21:53,988 - INFO - **** passed ****
2021-04-27 15:22:00,091 - INFO - **** passed ****
2021-04-27 15:24:48,369 - INFO - ****Test_002_Login_DDT****
2021-04-27 15:24:48,370 - INFO - ****VERIFICATION OF LOG IN DDT****
2021-04-27 15:24:55,346 - INFO - **** failed ****
2021-04-27 15:25:00,642 - INFO - **** passed ****
2021-04-27 15:25:06,723 - INFO - **** passed ****
2021-04-27 15:27:54,573 - INFO - ****Test_002_Login_DDT****
2021-04-27 15:27:54,574 - INFO - ****VERIFICATION OF LOG IN DDT****
2021-04-27 15:28:59,048 - INFO - ****Test_002_Login_DDT****
2021-04-27 15:28:59,048 - INFO - ****VERIFICATION OF LOG IN DDT****
2021-04-27 15:29:06,107 - INFO - **** failed ****
2021-04-27 15:29:11,393 - INFO - **** passed ****
2021-04-27 15:29:17,523 - INFO - **** passed ****
2021-04-27 15:29:23,603 - INFO - **** passed ****
2021-04-27 15:29:23,603 - ERROR - ******* DDT Login test failed **********
2021-04-27 15:31:26,707 - INFO - ****Test_002_Login_DDT****
2021-04-27 15:31:26,707 - INFO - ****VERIFICATION OF LOG IN DDT****
2021-04-27 15:31:33,625 - INFO - ****Login test is PASSED SUCCESSFULLY****
2021-04-27 15:33:33,016 - INFO - ****Test_002_Login_DDT****
2021-04-27 15:33:33,017 - INFO - ****VERIFICATION OF LOG IN DDT****
2021-04-27 15:33:39,987 - INFO - **** failed ****
2021-04-27 15:33:45,262 - INFO - **** passed ****
2021-04-27 15:33:51,334 - INFO - **** passed ****
2021-04-27 15:33:57,433 - INFO - **** passed ****
2021-04-27 15:33:57,433 - ERROR - ******* DDT Login test failed **********
2021-04-27 15:34:24,619 - INFO - ****Test_002_Login_DDT****
2021-04-27 15:34:24,620 - INFO - ****VERIFICATION OF LOG IN DDT****
2021-04-27 15:34:36,213 - INFO - ****Login test is PASSED SUCCESSFULLY****
2021-04-27 15:37:18,238 - INFO - ****Test_002_Login_DDT****
2021-04-27 15:37:18,238 - INFO - ****VERIFICATION OF LOG IN DDT****
2021-04-27 15:37:27,892 - INFO - ****Login test is PASSED SUCCESSFULLY****
2021-04-27 15:39:26,308 - INFO - ****Test_002_Login_DDT****
2021-04-27 15:39:26,308 - INFO - ****VERIFICATION OF LOG IN DDT****
2021-04-27 15:39:34,823 - INFO - ****Login test is PASSED SUCCESSFULLY****
2021-04-27 15:41:57,678 - INFO - ****Test_002_Login_DDT****
2021-04-27 15:41:57,678 - INFO - ****VERIFICATION OF LOG IN DDT****
2021-04-27 15:42:07,960 - INFO - ****Login test is PASSED SUCCESSFULLY****
2021-04-27 15:43:15,031 - INFO - ****Test_002_Login_DDT****
2021-04-27 15:43:15,032 - INFO - ****VERIFICATION OF LOG IN DDT****
2021-04-27 15:43:24,097 - INFO - ****Login test is PASSED SUCCESSFULLY****
2021-04-27 15:46:28,881 - INFO - ****Test_002_Login_DDT****
2021-04-27 15:46:28,881 - INFO - ****VERIFICATION OF LOG IN DDT****
2021-04-27 15:46:37,948 - INFO - ****Login test is PASSED SUCCESSFULLY****
2021-04-27 16:03:39,167 - INFO - ****Test_002_Login_DDT****
2021-04-27 16:03:39,167 - INFO - ****VERIFICATION OF LOG IN DDT****
2021-04-27 16:03:50,000 - INFO - ****Login test is PASSED SUCCESSFULLY****
2021-04-27 16:04:00,225 - INFO - **** passed ****
2021-04-27 16:04:08,700 - INFO - **** passed ****
2021-04-27 16:04:17,088 - INFO - **** passed ****
2021-04-27 16:04:20,088 - INFO - ******* DDT Login test passed **********
2021-04-27 16:04:20,607 - INFO - ******* End of Login DDT Test **********
2021-04-27 16:04:20,607 - INFO - **************** Completed  TC_LoginDDT_002 ************* 
